1.02778 73.9726 1
1.83889 76.0563 0
2.62778 75.7895 0
3.41944 76.0563 0
4.20833 73.4694 0
7.51667 73.9726 1
8.32778 76.0563 0
9.11667 77.6978 0
9.88889 71.5232 0
10.7278 70.1299 0
11.5833 72.973 0
12.4056 72.4832 0
13.2333 72.973 0
14.0556 75.5245 0
14.85 75.2613 0
15.6472 75.7895 0
16.4389 72.973 0
17.2611 69.0096 0
18.1306 72.973 0
18.9528 76.3251 0
19.7389 75.7895 0
20.5306 77.4194 0
21.3056 76.3251 0
22.0917 73.9726 0
22.9028 73.4694 0
23.7194 72.4832 0
24.5472 71.0526 0
25.3917 74.4828 0
26.1972 77.4194 0
26.9722 75 0
27.7722 76.0563 0
28.5611 69.9029 0
29.4194 71.2871 0
30.2611 72.7273 0
31.0861 74.7405 0
31.8889 71.7608 0
32.725 75.7895 0
33.5167 76.0563 0
34.3056 73.2203 0
35.125 71.0526 0
35.9694 68.1388 0
36.85 72.973 0
37.6722 77.1429 0
38.45 74.7405 0
39.2528 73.9726 0
40.0639 75.2613 0
40.8611 71.7608 0
41.6972 72.2408 0
42.5278 72.7273 0
43.3528 73.9726 0
44.1639 76.0563 0
44.9528 76.8683 0
45.7333 74.2268 0
46.5417 71.2871 0
47.3833 72 0
48.2167 72.2408 0
49.0472 74.4828 0
49.8528 77.1429 0
50.6306 75.2613 0
51.4278 76.8683 0
52.2083 75.7895 0
53 70.1299 0
53.8556 70.8197 0
54.7028 72.973 0
55.525 76.5957 0
56.3083 76.3251 0
57.0944 76.3251 0
57.8806 73.4694 0
58.6972 73.9726 0
